c:\users\daniel simões\dropbox\so2 - 2016-2017\trabalho\virtualsnake\graphicalvirtualsnake\debug\vc140.pdb
c:\users\daniel simões\dropbox\so2 - 2016-2017\trabalho\virtualsnake\graphicalvirtualsnake\debug\vc140.idb
c:\users\daniel simões\dropbox\so2 - 2016-2017\trabalho\virtualsnake\graphicalvirtualsnake\debug\base.obj
c:\users\daniel simões\dropbox\so2 - 2016-2017\trabalho\virtualsnake\graphicalvirtualsnake\debug\graphicalvirtualsnake.res
c:\users\daniel simões\dropbox\so2 - 2016-2017\trabalho\virtualsnake\debug\graphicalvirtualsnake.pdb
c:\users\daniel simões\dropbox\so2 - 2016-2017\trabalho\virtualsnake\graphicalvirtualsnake\debug\graphica.a8c751b6.tlog\cl.command.1.tlog
c:\users\daniel simões\dropbox\so2 - 2016-2017\trabalho\virtualsnake\graphicalvirtualsnake\debug\graphica.a8c751b6.tlog\cl.read.1.tlog
c:\users\daniel simões\dropbox\so2 - 2016-2017\trabalho\virtualsnake\graphicalvirtualsnake\debug\graphica.a8c751b6.tlog\cl.write.1.tlog
c:\users\daniel simões\dropbox\so2 - 2016-2017\trabalho\virtualsnake\graphicalvirtualsnake\debug\graphica.a8c751b6.tlog\link-cvtres.read.1.tlog
c:\users\daniel simões\dropbox\so2 - 2016-2017\trabalho\virtualsnake\graphicalvirtualsnake\debug\graphica.a8c751b6.tlog\link-cvtres.write.1.tlog
c:\users\daniel simões\dropbox\so2 - 2016-2017\trabalho\virtualsnake\graphicalvirtualsnake\debug\graphica.a8c751b6.tlog\link-rc.read.1.tlog
c:\users\daniel simões\dropbox\so2 - 2016-2017\trabalho\virtualsnake\graphicalvirtualsnake\debug\graphica.a8c751b6.tlog\link-rc.write.1.tlog
c:\users\daniel simões\dropbox\so2 - 2016-2017\trabalho\virtualsnake\graphicalvirtualsnake\debug\graphica.a8c751b6.tlog\link.12140-cvtres.read.1.tlog
c:\users\daniel simões\dropbox\so2 - 2016-2017\trabalho\virtualsnake\graphicalvirtualsnake\debug\graphica.a8c751b6.tlog\link.12140-cvtres.write.1.tlog
c:\users\daniel simões\dropbox\so2 - 2016-2017\trabalho\virtualsnake\graphicalvirtualsnake\debug\graphica.a8c751b6.tlog\link.12140-rc.read.1.tlog
c:\users\daniel simões\dropbox\so2 - 2016-2017\trabalho\virtualsnake\graphicalvirtualsnake\debug\graphica.a8c751b6.tlog\link.12140-rc.write.1.tlog
c:\users\daniel simões\dropbox\so2 - 2016-2017\trabalho\virtualsnake\graphicalvirtualsnake\debug\graphica.a8c751b6.tlog\link.12140.read.1.tlog
c:\users\daniel simões\dropbox\so2 - 2016-2017\trabalho\virtualsnake\graphicalvirtualsnake\debug\graphica.a8c751b6.tlog\link.12140.write.1.tlog
c:\users\daniel simões\dropbox\so2 - 2016-2017\trabalho\virtualsnake\graphicalvirtualsnake\debug\graphica.a8c751b6.tlog\link.command.1.tlog
c:\users\daniel simões\dropbox\so2 - 2016-2017\trabalho\virtualsnake\graphicalvirtualsnake\debug\graphica.a8c751b6.tlog\link.read.1.tlog
c:\users\daniel simões\dropbox\so2 - 2016-2017\trabalho\virtualsnake\graphicalvirtualsnake\debug\graphica.a8c751b6.tlog\link.write.1.tlog
c:\users\daniel simões\dropbox\so2 - 2016-2017\trabalho\virtualsnake\graphicalvirtualsnake\debug\graphica.a8c751b6.tlog\rc.command.1.tlog
c:\users\daniel simões\dropbox\so2 - 2016-2017\trabalho\virtualsnake\graphicalvirtualsnake\debug\graphica.a8c751b6.tlog\rc.read.1.tlog
c:\users\daniel simões\dropbox\so2 - 2016-2017\trabalho\virtualsnake\graphicalvirtualsnake\debug\graphica.a8c751b6.tlog\rc.write.1.tlog
